============================================================
Phone Agent 日志文件
创建时间: 2025-12-12 14:00:57
日志文件: phone_agent_log_20251212_140057.log
============================================================

[2025-12-12 14:00:57] [INFO] 开始执行任务
[2025-12-12 14:00:57] [INFO] Base URL: https://open.bigmodel.cn/api/paas/v4
[2025-12-12 14:00:57] [INFO] Model: autoglm-phone
[2025-12-12 14:00:57] [INFO] Task: 打开美团搜索附近的火锅店
[2025-12-12 14:00:57] [INFO] 完整命令: C:\Users\唐辉\AppData\Local\Microsoft\WindowsApps\PythonSoftwareFoundation.Python.3.13_qbz5n2kfra8p0\python.exe C:\Users\唐辉\Desktop\Open-AutoGLM-main\main.py --base-url https://open.bigmodel.cn/api/paas/v4 --model autoglm-phone --apikey 5bb750d1f49649e4b97e4e59b3992879.Wcs0XorY2qTozMR8 打开美团搜索附近的火锅店
}
  "_metadata": "do"
[2025-12-12 14:02:27] [INFO] 命令执行完成
登录完成后，我可以继续帮您搜索附近的火锅店。您完成登录后，请告诉我，我将继续执行搜索任务。")

Result: do(action="Take_over", message="检测到您需要登录美团才能搜索附近的火锅店。登录界面涉及身份验证和敏感信息，需要您自己完成登录操作。


==================================================
登录完成后，我可以继续帮您搜索附近的火锅店。您完成登录后，请告诉我，我将继续执行搜索任务。")

✅ 任务完成: do(action="Take_over", message="检测到您需要登录美团才能搜索附近的火锅店。登录界面涉及身份验证和敏感信息，需要您自己完成登录操作。
🎉 ================================================


==================================================
}
  "_metadata": "finish"
  "message": "do(action=\"Take_over\", message=\"检测到您需要登录美团才能搜索附近的火锅店。登录界面涉及身份验证和敏感信息，需要您自己完成登录操作。\n\n登录完成后，我可以继续帮您搜索附近的火锅店。您完成登录后，请告诉我，我将继续执行搜索任务。\")",
{
🎯 执行动作:
--------------------------------------------------
我应该告知用户需要他们自己完成登录，然后我才能继续帮助搜索火锅店。

这是一个登录界面，涉及到身份验证和敏感信息。根据我的安全指南，我不能帮助用户完成登录操作，因为这涉及到密码、验证码等敏感信息。

我看到屏幕已经切换到了微信登录界面，显示"欢迎登录美团"和微信的登录选项。这表明点击搜索按钮后，系统跳转到了微信登录界面。
--------------------------------------------------
💭 思考过程:
==================================================


==================================================
}
  "_metadata": "do"
  ],
    79
    538,
  "element": [
  "action": "Tap",
{
🎯 执行动作:
--------------------------------------------------
让我关闭这个登录界面，然后告诉用户当前的情况。

根据我的安全指南，我不能帮助用户登录，因为这涉及到密码、验证码等敏感信息。我应该停止操作并告知用户需要他们自己登录。

这意味着用户需要先登录美团才能进行搜索。这是一个需要用户授权的操作，因为涉及到登录和身份验证。

看起来点击搜索按钮后，出现了一个登录界面。屏幕显示"欢迎登录美团"，有一个手机号输入框，还有各种登录选项（短信验证码、密码登录、微信登录等）。
--------------------------------------------------
💭 思考过程:
==================================================


==================================================
}
  "_metadata": "do"
  ],
    79
    946,
  "element": [
  "action": "Tap",
{
🎯 执行动作:
--------------------------------------------------
搜索按钮位于右上角，黄色的按钮。

太好了！我已经成功输入了"火锅"。我可以看到搜索框中显示"火锅"，并且键盘仍然显示在屏幕上。现在我需要点击黄色的"搜索"按钮来执行搜索。
--------------------------------------------------
💭 思考过程:
==================================================


==================================================
}
  "_metadata": "do"
  "text": "火锅",
  "action": "Type",
{
🎯 执行动作:
--------------------------------------------------
让我先点击搜索框以确保它处于焦点状态，然后输入"火锅"。

现在我需要输入"火锅"。根据指南，Type操作会自动清除输入框中的现有文本，所以我可以直接使用Type操作输入"火锅"。

很好！现在键盘已经弹出来了，我可以看到一个标准的键盘界面。搜索框显示"塔斯汀·中国汉堡"，这是之前的搜索内容。
--------------------------------------------------
💭 思考过程:
==================================================


==================================================
}
  "_metadata": "do"
  ],
    79
    571,
  "element": [
  "action": "Tap",
{
🎯 执行动作:
--------------------------------------------------
现在我需要点击搜索框来输入"火锅"。让我点击顶部的搜索框。

好的，我看到屏幕已经展开，右侧显示了一个白色的搜索区域，顶部有一个搜索框显示"美食"，还有一个黄色的"搜索"按钮。左侧仍然显示着美团首页的内容。
--------------------------------------------------
💭 思考过程:
==================================================


==================================================
}
  "_metadata": "do"
  ],
    133
    705,
  "element": [
  "action": "Tap",
{
🎯 执行动作:
--------------------------------------------------
让我点击屏幕右侧的搜索框来输入"火锅"。

不过，我注意到屏幕上已经有很多内容了。让我先关闭这个弹窗，然后再进行搜索。我可以点击弹窗外的区域或者寻找关闭按钮。

我可以看到右侧有一个搜索框，显示"领手机家电双12大额券"，还有一个"搜索"按钮。让我点击这个搜索框来输入"火锅"。

我看到屏幕上出现了一个弹窗，显示"霸王茶姬"的搜索框，还有各种服务类别的图标。这个弹窗似乎是一个搜索或分类的界面。
--------------------------------------------------
💭 思考过程:
==================================================


==================================================
}
  "_metadata": "do"
  ],
    151
    499,
  "element": [
  "action": "Tap",
{
🎯 执行动作:
--------------------------------------------------
让我点击搜索框来输入"火锅"。

在顶部有一个搜索框，显示"华莱士·全鸡汉堡"，还有一个"搜索"按钮。我需要点击搜索框或搜索按钮来搜索火锅店。

好的，美团应用已经完全加载了。我可以看到美团的首页，显示了各种服务类别，包括外卖、团购、酒店民宿、看病买药、美食、休闲玩乐等。
--------------------------------------------------
💭 思考过程:
==================================================


==================================================
}
  "_metadata": "do"
  "duration": "1 seconds",
  "action": "Wait",
{
🎯 执行动作:
--------------------------------------------------
美团应用正在启动，我看到了美团的启动画面，显示"美团"logo和"美好生活小帮手"的标语。应用正在加载中。我需要等待应用完全加载，然后才能进行搜索操作。
--------------------------------------------------
💭 思考过程:
==================================================


==================================================
  "app": "美团",
  "action": "Launch",
{
🎯 执行动作:
--------------------------------------------------
让我先启动美团应用。根据允许的应用列表，美团是可用的应用之一。

2. 然后在美团中搜索附近的火锅店
1. 首先打开美团应用
我需要：

用户想要打开美团并搜索附近的火锅店。当前屏幕显示的是系统桌面，有一个锁屏界面，显示"正在识别人脸"和"正在充电 94%"，还有一个USB调试的通知。
--------------------------------------------------
💭 思考过程:
==================================================


Task: 打开美团搜索附近的火锅店

==================================================
Device: ABGBB24102203708 (auto-detected)
Language: cn
Max Steps: 100
Base URL: https://open.bigmodel.cn/api/paas/v4
Model: autoglm-phone
==================================================
Phone Agent - AI-powered phone automation
==================================================

✅ Model API checks passed!
--------------------------------------------------
1. Checking API connectivity (https://open.bigmodel.cn/api/paas/v4)... ✅ OK
--------------------------------------------------
🔍 Checking model API...

✅ All system checks passed!
--------------------------------------------------
3. Checking ADB Keyboard... ✅ OK
2. Checking connected devices... ✅ OK (1 device(s): ABGBB24102203708)
1. Checking ADB installation... ✅ OK (Android Debug Bridge version 1.0.41)
--------------------------------------------------
🔍 Checking system requirements...
ValueError: Failed to parse action: unterminated string literal (detected at line 1) (<string>, line 1)
    raise ValueError(f"Failed to parse action: {e}")
  File "C:\Users\唐辉\Desktop\Open-AutoGLM-main\phone_agent\actions\handler.py", line 295, in parse_action
    action = parse_action(response.action)
  File "C:\Users\唐辉\Desktop\Open-AutoGLM-main\phone_agent\agent.py", line 186, in _execute_step
Traceback (most recent call last):

During handling of the above exception, another exception occurred:

SyntaxError: unterminated string literal (detected at line 1)
                                   ^
    do(action="Take_over", message="检测到您需要登录美团才能搜索附近的火锅店。登录界面涉及身份验证和敏感信息，需要您自己完成登录操作。
  File "<string>", line 1
    action = eval(response)
  File "C:\Users\唐辉\Desktop\Open-AutoGLM-main\phone_agent\actions\handler.py", line 285, in parse_action
Traceback (most recent call last):
